<?xml version="1.0" encoding="UTF-8"?>
<!-- Generated by org.testng.reporters.JUnitReportReporter -->
<testsuite skipped="0" hostname="DESKTOP-C37E15E" name="pack.As.Ash" tests="1" failures="0" timestamp="24 Jul 2020 17:18:31 GMT" time="28.930" errors="0">
  <testcase name="as" time="28.930" classname="pack.As.Ash"/>
</testsuite> <!-- pack.As.Ash -->
